<?xml version="1.0" encoding="UTF-8"?>
<!-- Generated by org.testng.reporters.JUnitXMLReporter -->
<testsuite hostname="LokeshC2-BLD" ignored="0" name="Check the Details for 2 Passengers" tests="3" failures="0" timestamp="2020-05-14T11:18:58 IST" time="54.306" errors="0">
  <testcase name="registerToApp" time="18.664" classname="com.tests.FlightTest"/>
  <testcase name="fillTheDetailsInTheApp" time="10.427" classname="com.tests.FlightTest"/>
  <testcase name="verifySignOff" time="2.402" classname="com.tests.FlightTest"/>
</testsuite> <!-- Check the Details for 2 Passengers -->
