<?xml version="1.0" encoding="UTF-8"?>
<!-- Generated by org.testng.reporters.JUnitXMLReporter -->
<testsuite hostname="LokeshC2-BLD" ignored="0" name="Check the Details for 3 Passengers" tests="3" failures="0" timestamp="2020-05-08T17:33:01 IST" time="307.733" errors="0">
  <testcase name="registerToApp" time="224.901" classname="com.tests.FlightTest"/>
  <testcase name="fillTheDetailsInTheApp" time="55.108" classname="com.tests.FlightTest"/>
  <testcase name="verifySignOff" time="13.91" classname="com.tests.FlightTest"/>
</testsuite> <!-- Check the Details for 3 Passengers -->
