<?xml version="1.0" encoding="UTF-8"?>
<!-- Generated by org.testng.reporters.JUnitXMLReporter -->
<testsuite hostname="LokeshC2-BLD" ignored="0" name="Check the Details for 3 Passengers" tests="3" failures="0" timestamp="2020-05-14T11:18:57 IST" time="53.07" errors="0">
  <testcase name="registerToApp" time="18.82" classname="com.tests.FlightTest"/>
  <testcase name="fillTheDetailsInTheApp" time="10.289" classname="com.tests.FlightTest"/>
  <testcase name="verifySignOff" time="1.207" classname="com.tests.FlightTest"/>
</testsuite> <!-- Check the Details for 3 Passengers -->
