<?xml version="1.0" encoding="UTF-8"?>
<!-- Generated by org.testng.reporters.JUnitXMLReporter -->
<testsuite hostname="LokeshC2-BLD" ignored="0" name="test1" tests="3" failures="0" timestamp="2020-05-06T16:50:11 IST" time="62.583" errors="0">
  <testcase name="registerToApp" time="34.226" classname="com.tests.FlightTest"/>
  <testcase name="fillTheDetailsInTheApp" time="14.986" classname="com.tests.FlightTest"/>
  <testcase name="verifySignOff" time="5.615" classname="com.tests.FlightTest"/>
</testsuite> <!-- test1 -->
