<?xml version="1.0" encoding="UTF-8"?>
<!-- Generated by org.testng.reporters.JUnitXMLReporter -->
<testsuite hostname="LokeshC2-BLD" ignored="0" name="test3" tests="3" failures="0" timestamp="2020-05-04T13:16:00 IST" time="76.112" errors="0">
  <testcase name="registerToApp" time="51.139" classname="com.tests.FlightTest"/>
  <testcase name="fillTheDetailsInTheApp" time="14.009" classname="com.tests.FlightTest"/>
  <testcase name="verifySignOff" time="2.161" classname="com.tests.FlightTest"/>
</testsuite> <!-- test3 -->
