<?xml version="1.0" encoding="UTF-8"?>
<!-- Generated by org.testng.reporters.JUnitXMLReporter -->
<testsuite hostname="LokeshC2-BLD" ignored="0" name="test3" tests="3" failures="0" timestamp="2020-05-04T17:33:58 IST" time="50.551" errors="0">
  <testcase name="registerToApp" time="21.8" classname="com.tests.FlightTest"/>
  <testcase name="fillTheDetailsInTheApp" time="18.634" classname="com.tests.FlightTest"/>
  <testcase name="verifySignOff" time="3.581" classname="com.tests.FlightTest"/>
</testsuite> <!-- test3 -->
