<?xml version="1.0" encoding="UTF-8"?>
<testng-results skipped="0" failed="0" ignored="0" total="8" passed="8">
  <reporter-output>
  </reporter-output>
  <suite name="suite" duration-ms="54306" started-at="2020-05-14T11:18:04 IST" finished-at="2020-05-14T11:18:58 IST">
    <groups>
    </groups>
    <test name="verify the Google page Launch" duration-ms="22826" started-at="2020-05-14T11:18:04 IST" finished-at="2020-05-14T11:18:27 IST">
      <class name="com.tests.FirstTest">
        <test-method status="PASS" signature="configure()[pri:0, instance:com.tests.FirstTest@13eb8acf]" name="configure" is-config="true" duration-ms="19723" started-at="2020-05-14T11:18:04 IST" finished-at="2020-05-14T11:18:23 IST">
          <reporter-output>
          </reporter-output>
        </test-method> <!-- configure -->
        <test-method status="PASS" signature="googleTest()[pri:0, instance:com.tests.FirstTest@13eb8acf]" name="googleTest" duration-ms="2572" started-at="2020-05-14T11:18:23 IST" finished-at="2020-05-14T11:18:26 IST">
          <reporter-output>
          </reporter-output>
        </test-method> <!-- googleTest -->
        <test-method status="PASS" signature="tearDown()[pri:0, instance:com.tests.FirstTest@13eb8acf]" name="tearDown" is-config="true" duration-ms="59" started-at="2020-05-14T11:18:26 IST" finished-at="2020-05-14T11:18:27 IST">
          <reporter-output>
          </reporter-output>
        </test-method> <!-- tearDown -->
      </class> <!-- com.tests.FirstTest -->
    </test> <!-- verify the Google page Launch -->
    <test name="verify the Yahoo page Launch" duration-ms="37915" started-at="2020-05-14T11:18:04 IST" finished-at="2020-05-14T11:18:42 IST">
      <class name="com.tests.SecondTest">
        <test-method status="PASS" signature="configure()[pri:0, instance:com.tests.SecondTest@8e24743]" name="configure" is-config="true" duration-ms="19722" started-at="2020-05-14T11:18:04 IST" finished-at="2020-05-14T11:18:23 IST">
          <reporter-output>
          </reporter-output>
        </test-method> <!-- configure -->
        <test-method status="PASS" signature="yahooTest()[pri:0, instance:com.tests.SecondTest@8e24743]" name="yahooTest" duration-ms="16986" started-at="2020-05-14T11:18:23 IST" finished-at="2020-05-14T11:18:40 IST">
          <reporter-output>
          </reporter-output>
        </test-method> <!-- yahooTest -->
        <test-method status="PASS" signature="tearDown()[pri:0, instance:com.tests.SecondTest@8e24743]" name="tearDown" is-config="true" duration-ms="132" started-at="2020-05-14T11:18:41 IST" finished-at="2020-05-14T11:18:42 IST">
          <reporter-output>
          </reporter-output>
        </test-method> <!-- tearDown -->
      </class> <!-- com.tests.SecondTest -->
    </test> <!-- verify the Yahoo page Launch -->
    <test name="Check the Details for 3 Passengers" duration-ms="53070" started-at="2020-05-14T11:18:04 IST" finished-at="2020-05-14T11:18:57 IST">
      <class name="com.tests.FlightTest">
        <test-method status="PASS" signature="configure()[pri:0, instance:com.tests.FlightTest@289d1c02]" name="configure" is-config="true" duration-ms="19723" started-at="2020-05-14T11:18:04 IST" finished-at="2020-05-14T11:18:23 IST">
          <reporter-output>
          </reporter-output>
        </test-method> <!-- configure -->
        <test-method status="PASS" signature="registerToApp()[pri:0, instance:com.tests.FlightTest@289d1c02]" name="registerToApp" duration-ms="18820" started-at="2020-05-14T11:18:23 IST" finished-at="2020-05-14T11:18:42 IST">
          <reporter-output>
          </reporter-output>
        </test-method> <!-- registerToApp -->
        <test-method status="PASS" signature="fillTheDetailsInTheApp(java.lang.String)[pri:1, instance:com.tests.FlightTest@289d1c02]" name="fillTheDetailsInTheApp" duration-ms="10289" started-at="2020-05-14T11:18:45 IST" finished-at="2020-05-14T11:18:55 IST">
          <params>
            <param index="0">
              <value>
                <![CDATA[3]]>
              </value>
            </param>
          </params>
          <reporter-output>
          </reporter-output>
        </test-method> <!-- fillTheDetailsInTheApp -->
        <test-method status="PASS" signature="verifySignOff()[pri:2, instance:com.tests.FlightTest@289d1c02]" name="verifySignOff" duration-ms="1207" started-at="2020-05-14T11:18:55 IST" finished-at="2020-05-14T11:18:57 IST">
          <reporter-output>
          </reporter-output>
        </test-method> <!-- verifySignOff -->
        <test-method status="PASS" signature="tearDown()[pri:0, instance:com.tests.FlightTest@289d1c02]" name="tearDown" is-config="true" duration-ms="60" started-at="2020-05-14T11:18:57 IST" finished-at="2020-05-14T11:18:57 IST">
          <reporter-output>
          </reporter-output>
        </test-method> <!-- tearDown -->
      </class> <!-- com.tests.FlightTest -->
    </test> <!-- Check the Details for 3 Passengers -->
    <test name="Check the Details for 2 Passengers" duration-ms="54306" started-at="2020-05-14T11:18:04 IST" finished-at="2020-05-14T11:18:58 IST">
      <class name="com.tests.FlightTest">
        <test-method status="PASS" signature="configure()[pri:0, instance:com.tests.FlightTest@1a3869f4]" name="configure" is-config="true" duration-ms="19723" started-at="2020-05-14T11:18:04 IST" finished-at="2020-05-14T11:18:23 IST">
          <reporter-output>
          </reporter-output>
        </test-method> <!-- configure -->
        <test-method status="PASS" signature="registerToApp()[pri:0, instance:com.tests.FlightTest@1a3869f4]" name="registerToApp" duration-ms="18664" started-at="2020-05-14T11:18:23 IST" finished-at="2020-05-14T11:18:42 IST">
          <reporter-output>
          </reporter-output>
        </test-method> <!-- registerToApp -->
        <test-method status="PASS" signature="fillTheDetailsInTheApp(java.lang.String)[pri:1, instance:com.tests.FlightTest@1a3869f4]" name="fillTheDetailsInTheApp" duration-ms="10427" started-at="2020-05-14T11:18:45 IST" finished-at="2020-05-14T11:18:55 IST">
          <params>
            <param index="0">
              <value>
                <![CDATA[2]]>
              </value>
            </param>
          </params>
          <reporter-output>
          </reporter-output>
        </test-method> <!-- fillTheDetailsInTheApp -->
        <test-method status="PASS" signature="verifySignOff()[pri:2, instance:com.tests.FlightTest@1a3869f4]" name="verifySignOff" duration-ms="2402" started-at="2020-05-14T11:18:55 IST" finished-at="2020-05-14T11:18:58 IST">
          <reporter-output>
          </reporter-output>
        </test-method> <!-- verifySignOff -->
        <test-method status="PASS" signature="tearDown()[pri:0, instance:com.tests.FlightTest@1a3869f4]" name="tearDown" is-config="true" duration-ms="63" started-at="2020-05-14T11:18:58 IST" finished-at="2020-05-14T11:18:58 IST">
          <reporter-output>
          </reporter-output>
        </test-method> <!-- tearDown -->
      </class> <!-- com.tests.FlightTest -->
    </test> <!-- Check the Details for 2 Passengers -->
  </suite> <!-- suite -->
</testng-results>
